Number of processes =   1, matrix    60  x   60, time ->   0.00, run 1/10 time
Matrix mult is correct (0 -> yes, else -> no): 0

Number of processes =   1, matrix    60  x   60, time ->   0.00, run 2/10 time
0 element : 39150.000000Matrix mult is correct (0 -> yes, else -> no): 0

Number of processes =   1, matrix    60  x   60, time ->   0.00, run 3/10 time
0 element : 39150.000000Matrix mult is correct (0 -> yes, else -> no): 0

Number of processes =   1, matrix    60  x   60, time ->   0.00, run 4/10 time
0 element : 39150.000000Matrix mult is correct (0 -> yes, else -> no): 0

Number of processes =   1, matrix    60  x   60, time ->   0.00, run 5/10 time
0 element : 39150.000000Matrix mult is correct (0 -> yes, else -> no): 0

Number of processes =   1, matrix    60  x   60, time ->   0.00, run 6/10 time
0 element : 39150.000000Matrix mult is correct (0 -> yes, else -> no): 0

Number of processes =   1, matrix    60  x   60, time ->   0.00, run 7/10 time
0 element : 39150.000000Matrix mult is correct (0 -> yes, else -> no): 0

Number of processes =   1, matrix    60  x   60, time ->   0.00, run 8/10 time
0 element : 39150.000000Matrix mult is correct (0 -> yes, else -> no): 0

Number of processes =   1, matrix    60  x   60, time ->   0.00, run 9/10 time
0 element : 39150.000000Matrix mult is correct (0 -> yes, else -> no): 0

Number of processes =   1, matrix    60  x   60, time ->   0.00, run 10/10 time
0 element : 39150.000000Matrix mult is correct (0 -> yes, else -> no): 0

Number of processes =   1, matrix   120  x  120, time ->   0.01, run 1/10 time
Matrix mult is correct (0 -> yes, else -> no): 0

Number of processes =   1, matrix   120  x  120, time ->   0.01, run 2/10 time
0 element : 60687.000000Matrix mult is correct (0 -> yes, else -> no): 0

Number of processes =   1, matrix   120  x  120, time ->   0.01, run 3/10 time
0 element : 60687.000000Matrix mult is correct (0 -> yes, else -> no): 0

Number of processes =   1, matrix   120  x  120, time ->   0.01, run 4/10 time
0 element : 60687.000000Matrix mult is correct (0 -> yes, else -> no): 0

Number of processes =   1, matrix   120  x  120, time ->   0.01, run 5/10 time
0 element : 60687.000000Matrix mult is correct (0 -> yes, else -> no): 0

Number of processes =   1, matrix   120  x  120, time ->   0.01, run 6/10 time
0 element : 60687.000000Matrix mult is correct (0 -> yes, else -> no): 0

Number of processes =   1, matrix   120  x  120, time ->   0.01, run 7/10 time
0 element : 60687.000000Matrix mult is correct (0 -> yes, else -> no): 0

Number of processes =   1, matrix   120  x  120, time ->   0.01, run 8/10 time
0 element : 60687.000000Matrix mult is correct (0 -> yes, else -> no): 0

Number of processes =   1, matrix   120  x  120, time ->   0.01, run 9/10 time
0 element : 60687.000000Matrix mult is correct (0 -> yes, else -> no): 0

Number of processes =   1, matrix   120  x  120, time ->   0.01, run 10/10 time
0 element : 60687.000000Matrix mult is correct (0 -> yes, else -> no): 0

Number of processes =   1, matrix   300  x  300, time ->   0.14, run 1/10 time
Matrix mult is correct (0 -> yes, else -> no): 0

Number of processes =   1, matrix   300  x  300, time ->   0.14, run 2/10 time
0 element : 187508.000000Matrix mult is correct (0 -> yes, else -> no): 0

Number of processes =   1, matrix   300  x  300, time ->   0.14, run 3/10 time
0 element : 187508.000000Matrix mult is correct (0 -> yes, else -> no): 0

Number of processes =   1, matrix   300  x  300, time ->   0.14, run 4/10 time
0 element : 187508.000000Matrix mult is correct (0 -> yes, else -> no): 0

Number of processes =   1, matrix   300  x  300, time ->   0.14, run 5/10 time
0 element : 187508.000000Matrix mult is correct (0 -> yes, else -> no): 0

Number of processes =   1, matrix   300  x  300, time ->   0.13, run 6/10 time
0 element : 187508.000000Matrix mult is correct (0 -> yes, else -> no): 0

Number of processes =   1, matrix   300  x  300, time ->   0.13, run 7/10 time
0 element : 187508.000000Matrix mult is correct (0 -> yes, else -> no): 0

Number of processes =   1, matrix   300  x  300, time ->   0.13, run 8/10 time
0 element : 187508.000000Matrix mult is correct (0 -> yes, else -> no): 0

Number of processes =   1, matrix   300  x  300, time ->   0.13, run 9/10 time
0 element : 187508.000000Matrix mult is correct (0 -> yes, else -> no): 0

Number of processes =   1, matrix   300  x  300, time ->   0.13, run 10/10 time
0 element : 187508.000000Matrix mult is correct (0 -> yes, else -> no): 0

Number of processes =   1, matrix   540  x  540, time ->   0.82, run 1/10 time
Matrix mult is correct (0 -> yes, else -> no): 0

Number of processes =   1, matrix   540  x  540, time ->   0.86, run 2/10 time
0 element : 309027.000000Matrix mult is correct (0 -> yes, else -> no): 0

Number of processes =   1, matrix   540  x  540, time ->   0.86, run 3/10 time
0 element : 309027.000000Matrix mult is correct (0 -> yes, else -> no): 0

Number of processes =   1, matrix   540  x  540, time ->   0.86, run 4/10 time
0 element : 309027.000000Matrix mult is correct (0 -> yes, else -> no): 0

Number of processes =   1, matrix   540  x  540, time ->   0.86, run 5/10 time
0 element : 309027.000000Matrix mult is correct (0 -> yes, else -> no): 0

Number of processes =   1, matrix   540  x  540, time ->   0.86, run 6/10 time
0 element : 309027.000000Matrix mult is correct (0 -> yes, else -> no): 0

Number of processes =   1, matrix   540  x  540, time ->   0.86, run 7/10 time
0 element : 309027.000000Matrix mult is correct (0 -> yes, else -> no): 0

Number of processes =   1, matrix   540  x  540, time ->   0.86, run 8/10 time
0 element : 309027.000000Matrix mult is correct (0 -> yes, else -> no): 0

Number of processes =   1, matrix   540  x  540, time ->   0.86, run 9/10 time
0 element : 309027.000000Matrix mult is correct (0 -> yes, else -> no): 0

Number of processes =   1, matrix   540  x  540, time ->   0.86, run 10/10 time
0 element : 309027.000000Matrix mult is correct (0 -> yes, else -> no): 0

Number of processes =   1, matrix   840  x  840, time ->   2.94, run 1/10 time
Matrix mult is correct (0 -> yes, else -> no): 0

Number of processes =   1, matrix   840  x  840, time ->   3.16, run 2/10 time
0 element : 530147.000000Matrix mult is correct (0 -> yes, else -> no): 0

Number of processes =   1, matrix   840  x  840, time ->   3.16, run 3/10 time
0 element : 530147.000000Matrix mult is correct (0 -> yes, else -> no): 0

Number of processes =   1, matrix   840  x  840, time ->   3.14, run 4/10 time
0 element : 530147.000000Matrix mult is correct (0 -> yes, else -> no): 0

Number of processes =   1, matrix   840  x  840, time ->   3.14, run 5/10 time
0 element : 530147.000000Matrix mult is correct (0 -> yes, else -> no): 0

Number of processes =   1, matrix   840  x  840, time ->   3.03, run 6/10 time
0 element : 530147.000000Matrix mult is correct (0 -> yes, else -> no): 0

Number of processes =   1, matrix   840  x  840, time ->   3.42, run 7/10 time
0 element : 530147.000000Matrix mult is correct (0 -> yes, else -> no): 0

Number of processes =   1, matrix   840  x  840, time ->   3.67, run 8/10 time
0 element : 530147.000000Matrix mult is correct (0 -> yes, else -> no): 0

Number of processes =   1, matrix   840  x  840, time ->   3.70, run 9/10 time
0 element : 530147.000000Matrix mult is correct (0 -> yes, else -> no): 0

Number of processes =   1, matrix   840  x  840, time ->   3.66, run 10/10 time
0 element : 530147.000000Matrix mult is correct (0 -> yes, else -> no): 0

Number of processes =   1, matrix  2520  x 2520, time -> 107.73, run 1/10 time
Matrix mult is correct (0 -> yes, else -> no): 0

Number of processes =   1, matrix  2520  x 2520, time -> 108.19, run 2/10 time
0 element : 1590298.000000Matrix mult is correct (0 -> yes, else -> no): 0

Number of processes =   1, matrix  2520  x 2520, time -> 108.17, run 3/10 time
0 element : 1590298.000000Matrix mult is correct (0 -> yes, else -> no): 0

Number of processes =   1, matrix  2520  x 2520, time -> 108.12, run 4/10 time
0 element : 1590298.000000Matrix mult is correct (0 -> yes, else -> no): 0

Number of processes =   1, matrix  2520  x 2520, time -> 108.18, run 5/10 time
0 element : 1590298.000000Matrix mult is correct (0 -> yes, else -> no): 0

Number of processes =   1, matrix  2520  x 2520, time -> 108.22, run 6/10 time
0 element : 1590298.000000Matrix mult is correct (0 -> yes, else -> no): 0

Number of processes =   1, matrix  2520  x 2520, time -> 105.78, run 7/10 time
0 element : 1590298.000000Matrix mult is correct (0 -> yes, else -> no): 0

Number of processes =   1, matrix  2520  x 2520, time -> 103.64, run 8/10 time
0 element : 1590298.000000Matrix mult is correct (0 -> yes, else -> no): 0

Number of processes =   1, matrix  2520  x 2520, time -> 104.04, run 9/10 time
0 element : 1590298.000000Matrix mult is correct (0 -> yes, else -> no): 0

Number of processes =   1, matrix  2520  x 2520, time -> 104.07, run 10/10 time
0 element : 1590298.000000Matrix mult is correct (0 -> yes, else -> no): 0

