Number of processes =  36, matrix    60  x   60, time ->   0.06, run 1/10 time
Matrix mult is correct (0 -> yes, else -> no): 0

Number of processes =  36, matrix    60  x   60, time ->   0.06, run 2/10 time
0 element : 39150.000000Matrix mult is correct (0 -> yes, else -> no): 0

Number of processes =  36, matrix    60  x   60, time ->   0.06, run 3/10 time
0 element : 39150.000000Matrix mult is correct (0 -> yes, else -> no): 0

Number of processes =  36, matrix    60  x   60, time ->   0.11, run 4/10 time
0 element : 39150.000000Matrix mult is correct (0 -> yes, else -> no): 0

Number of processes =  36, matrix    60  x   60, time ->   0.12, run 5/10 time
0 element : 39150.000000Matrix mult is correct (0 -> yes, else -> no): 0

Number of processes =  36, matrix    60  x   60, time ->   0.04, run 6/10 time
0 element : 39150.000000Matrix mult is correct (0 -> yes, else -> no): 0

Number of processes =  36, matrix    60  x   60, time ->   0.13, run 7/10 time
0 element : 39150.000000Matrix mult is correct (0 -> yes, else -> no): 0

Number of processes =  36, matrix    60  x   60, time ->   0.07, run 8/10 time
0 element : 39150.000000Matrix mult is correct (0 -> yes, else -> no): 0

Number of processes =  36, matrix    60  x   60, time ->   0.14, run 9/10 time
0 element : 39150.000000Matrix mult is correct (0 -> yes, else -> no): 0

Number of processes =  36, matrix    60  x   60, time ->   0.05, run 10/10 time
0 element : 39150.000000Matrix mult is correct (0 -> yes, else -> no): 0

Number of processes =  36, matrix   120  x  120, time ->   0.10, run 1/10 time
Matrix mult is correct (0 -> yes, else -> no): 0

Number of processes =  36, matrix   120  x  120, time ->   0.05, run 2/10 time
0 element : 60687.000000Matrix mult is correct (0 -> yes, else -> no): 0

Number of processes =  36, matrix   120  x  120, time ->   0.04, run 3/10 time
0 element : 60687.000000Matrix mult is correct (0 -> yes, else -> no): 0

Number of processes =  36, matrix   120  x  120, time ->   0.04, run 4/10 time
0 element : 60687.000000Matrix mult is correct (0 -> yes, else -> no): 0

Number of processes =  36, matrix   120  x  120, time ->   0.05, run 5/10 time
0 element : 60687.000000Matrix mult is correct (0 -> yes, else -> no): 0

Number of processes =  36, matrix   120  x  120, time ->   0.04, run 6/10 time
0 element : 60687.000000Matrix mult is correct (0 -> yes, else -> no): 0

Number of processes =  36, matrix   120  x  120, time ->   0.03, run 7/10 time
0 element : 60687.000000Matrix mult is correct (0 -> yes, else -> no): 0

Number of processes =  36, matrix   120  x  120, time ->   0.04, run 8/10 time
0 element : 60687.000000Matrix mult is correct (0 -> yes, else -> no): 0

Number of processes =  36, matrix   120  x  120, time ->   0.05, run 9/10 time
0 element : 60687.000000Matrix mult is correct (0 -> yes, else -> no): 0

Number of processes =  36, matrix   120  x  120, time ->   0.01, run 10/10 time
0 element : 60687.000000Matrix mult is correct (0 -> yes, else -> no): 0

Number of processes =  36, matrix   300  x  300, time ->   0.13, run 1/10 time
Matrix mult is correct (0 -> yes, else -> no): 0

Number of processes =  36, matrix   300  x  300, time ->   0.09, run 2/10 time
0 element : 187508.000000Matrix mult is correct (0 -> yes, else -> no): 0

Number of processes =  36, matrix   300  x  300, time ->   0.10, run 3/10 time
0 element : 187508.000000Matrix mult is correct (0 -> yes, else -> no): 0

Number of processes =  36, matrix   300  x  300, time ->   0.06, run 4/10 time
0 element : 187508.000000Matrix mult is correct (0 -> yes, else -> no): 0

Number of processes =  36, matrix   300  x  300, time ->   0.07, run 5/10 time
0 element : 187508.000000Matrix mult is correct (0 -> yes, else -> no): 0

Number of processes =  36, matrix   300  x  300, time ->   0.10, run 6/10 time
0 element : 187508.000000Matrix mult is correct (0 -> yes, else -> no): 0

Number of processes =  36, matrix   300  x  300, time ->   0.08, run 7/10 time
0 element : 187508.000000Matrix mult is correct (0 -> yes, else -> no): 0

Number of processes =  36, matrix   300  x  300, time ->   0.12, run 8/10 time
0 element : 187508.000000Matrix mult is correct (0 -> yes, else -> no): 0

Number of processes =  36, matrix   300  x  300, time ->   0.13, run 9/10 time
0 element : 187508.000000Matrix mult is correct (0 -> yes, else -> no): 0

Number of processes =  36, matrix   300  x  300, time ->   0.03, run 10/10 time
0 element : 187508.000000Matrix mult is correct (0 -> yes, else -> no): 0

Number of processes =  36, matrix   540  x  540, time ->   0.16, run 1/10 time
Matrix mult is correct (0 -> yes, else -> no): 0

Number of processes =  36, matrix   540  x  540, time ->   0.13, run 2/10 time
0 element : 309027.000000Matrix mult is correct (0 -> yes, else -> no): 0

Number of processes =  36, matrix   540  x  540, time ->   0.15, run 3/10 time
0 element : 309027.000000Matrix mult is correct (0 -> yes, else -> no): 0

Number of processes =  36, matrix   540  x  540, time ->   0.14, run 4/10 time
0 element : 309027.000000Matrix mult is correct (0 -> yes, else -> no): 0

Number of processes =  36, matrix   540  x  540, time ->   0.09, run 5/10 time
0 element : 309027.000000Matrix mult is correct (0 -> yes, else -> no): 0

Number of processes =  36, matrix   540  x  540, time ->   0.13, run 6/10 time
0 element : 309027.000000Matrix mult is correct (0 -> yes, else -> no): 0

Number of processes =  36, matrix   540  x  540, time ->   0.09, run 7/10 time
0 element : 309027.000000Matrix mult is correct (0 -> yes, else -> no): 0

Number of processes =  36, matrix   540  x  540, time ->   0.12, run 8/10 time
0 element : 309027.000000Matrix mult is correct (0 -> yes, else -> no): 0

Number of processes =  36, matrix   540  x  540, time ->   0.13, run 9/10 time
0 element : 309027.000000Matrix mult is correct (0 -> yes, else -> no): 0

Number of processes =  36, matrix   540  x  540, time ->   0.09, run 10/10 time
0 element : 309027.000000Matrix mult is correct (0 -> yes, else -> no): 0

Number of processes =  36, matrix   840  x  840, time ->   0.41, run 1/10 time
Matrix mult is correct (0 -> yes, else -> no): 0

Number of processes =  36, matrix   840  x  840, time ->   0.36, run 2/10 time
0 element : 530147.000000Matrix mult is correct (0 -> yes, else -> no): 0

Number of processes =  36, matrix   840  x  840, time ->   0.37, run 3/10 time
0 element : 530147.000000Matrix mult is correct (0 -> yes, else -> no): 0

Number of processes =  36, matrix   840  x  840, time ->   0.39, run 4/10 time
0 element : 530147.000000Matrix mult is correct (0 -> yes, else -> no): 0

Number of processes =  36, matrix   840  x  840, time ->   0.36, run 5/10 time
0 element : 530147.000000Matrix mult is correct (0 -> yes, else -> no): 0

Number of processes =  36, matrix   840  x  840, time ->   0.42, run 6/10 time
0 element : 530147.000000Matrix mult is correct (0 -> yes, else -> no): 0

Number of processes =  36, matrix   840  x  840, time ->   0.39, run 7/10 time
0 element : 530147.000000Matrix mult is correct (0 -> yes, else -> no): 0

Number of processes =  36, matrix   840  x  840, time ->   0.38, run 8/10 time
0 element : 530147.000000Matrix mult is correct (0 -> yes, else -> no): 0

Number of processes =  36, matrix   840  x  840, time ->   0.38, run 9/10 time
0 element : 530147.000000Matrix mult is correct (0 -> yes, else -> no): 0

Number of processes =  36, matrix   840  x  840, time ->   0.34, run 10/10 time
0 element : 530147.000000Matrix mult is correct (0 -> yes, else -> no): 0

Number of processes =  36, matrix  2520  x 2520, time ->   9.44, run 1/10 time
Matrix mult is correct (0 -> yes, else -> no): 0

Number of processes =  36, matrix  2520  x 2520, time ->   9.32, run 2/10 time
0 element : 1590298.000000Matrix mult is correct (0 -> yes, else -> no): 0

Number of processes =  36, matrix  2520  x 2520, time ->   9.82, run 3/10 time
0 element : 1590298.000000Matrix mult is correct (0 -> yes, else -> no): 0

Number of processes =  36, matrix  2520  x 2520, time ->   9.03, run 4/10 time
0 element : 1590298.000000Matrix mult is correct (0 -> yes, else -> no): 0

Number of processes =  36, matrix  2520  x 2520, time ->   9.01, run 5/10 time
0 element : 1590298.000000Matrix mult is correct (0 -> yes, else -> no): 0

Number of processes =  36, matrix  2520  x 2520, time ->   9.00, run 6/10 time
0 element : 1590298.000000Matrix mult is correct (0 -> yes, else -> no): 0

Number of processes =  36, matrix  2520  x 2520, time ->   8.81, run 7/10 time
0 element : 1590298.000000Matrix mult is correct (0 -> yes, else -> no): 0

Number of processes =  36, matrix  2520  x 2520, time ->   8.98, run 8/10 time
0 element : 1590298.000000Matrix mult is correct (0 -> yes, else -> no): 0

Number of processes =  36, matrix  2520  x 2520, time ->   9.02, run 9/10 time
0 element : 1590298.000000Matrix mult is correct (0 -> yes, else -> no): 0

Number of processes =  36, matrix  2520  x 2520, time ->   8.92, run 10/10 time
0 element : 1590298.000000Matrix mult is correct (0 -> yes, else -> no): 0

